Determining if the pthread_create exist failed with the following output:
Change Dir: /home/beagle/UN/APM/APM20221-MicroRobot/catkin_ws/build/CMakeFiles/CMakeTmp

Run Build Command:"/usr/bin/make" "cmTC_17fda/fast"
/usr/bin/make -f CMakeFiles/cmTC_17fda.dir/build.make CMakeFiles/cmTC_17fda.dir/build
make[1]: Entering directory '/home/beagle/UN/APM/APM20221-MicroRobot/catkin_ws/build/CMakeFiles/CMakeTmp'
Building C object CMakeFiles/cmTC_17fda.dir/CheckSymbolExists.c.o
/usr/bin/cc    -o CMakeFiles/cmTC_17fda.dir/CheckSymbolExists.c.o   -c /home/beagle/UN/APM/APM20221-MicroRobot/catkin_ws/build/CMakeFiles/CMakeTmp/CheckSymbolExists.c
Linking C executable cmTC_17fda
/usr/bin/cmake -E cmake_link_script CMakeFiles/cmTC_17fda.dir/link.txt --verbose=1
/usr/bin/cc      -rdynamic CMakeFiles/cmTC_17fda.dir/CheckSymbolExists.c.o  -o cmTC_17fda 
CMakeFiles/cmTC_17fda.dir/CheckSymbolExists.c.o: In function `main':
CheckSymbolExists.c:(.text+0x2c): undefined reference to `pthread_create'
collect2: error: ld returned 1 exit status
CMakeFiles/cmTC_17fda.dir/build.make:97: recipe for target 'cmTC_17fda' failed
make[1]: *** [cmTC_17fda] Error 1
make[1]: Leaving directory '/home/beagle/UN/APM/APM20221-MicroRobot/catkin_ws/build/CMakeFiles/CMakeTmp'
Makefile:126: recipe for target 'cmTC_17fda/fast' failed
make: *** [cmTC_17fda/fast] Error 2

File /home/beagle/UN/APM/APM20221-MicroRobot/catkin_ws/build/CMakeFiles/CMakeTmp/CheckSymbolExists.c:
/* */
#include <pthread.h>

int main(int argc, char** argv)
{
  (void)argv;
#ifndef pthread_create
  return ((int*)(&pthread_create))[argc];
#else
  (void)argc;
  return 0;
#endif
}

Determining if the function pthread_create exists in the pthreads failed with the following output:
Change Dir: /home/beagle/UN/APM/APM20221-MicroRobot/catkin_ws/build/CMakeFiles/CMakeTmp

Run Build Command:"/usr/bin/make" "cmTC_3321e/fast"
/usr/bin/make -f CMakeFiles/cmTC_3321e.dir/build.make CMakeFiles/cmTC_3321e.dir/build
make[1]: Entering directory '/home/beagle/UN/APM/APM20221-MicroRobot/catkin_ws/build/CMakeFiles/CMakeTmp'
Building C object CMakeFiles/cmTC_3321e.dir/CheckFunctionExists.c.o
/usr/bin/cc   -DCHECK_FUNCTION_EXISTS=pthread_create   -o CMakeFiles/cmTC_3321e.dir/CheckFunctionExists.c.o   -c /usr/share/cmake-3.10/Modules/CheckFunctionExists.c
Linking C executable cmTC_3321e
/usr/bin/cmake -E cmake_link_script CMakeFiles/cmTC_3321e.dir/link.txt --verbose=1
/usr/bin/cc  -DCHECK_FUNCTION_EXISTS=pthread_create    -rdynamic CMakeFiles/cmTC_3321e.dir/CheckFunctionExists.c.o  -o cmTC_3321e -lpthreads 
/usr/bin/ld: cannot find -lpthreads
collect2: error: ld returned 1 exit status
CMakeFiles/cmTC_3321e.dir/build.make:97: recipe for target 'cmTC_3321e' failed
make[1]: *** [cmTC_3321e] Error 1
make[1]: Leaving directory '/home/beagle/UN/APM/APM20221-MicroRobot/catkin_ws/build/CMakeFiles/CMakeTmp'
Makefile:126: recipe for target 'cmTC_3321e/fast' failed
make: *** [cmTC_3321e/fast] Error 2


